CustomerManagement.bar>>Node_CC_Bkr>>Test>>SUCCESS>>1658478875060
BIP9332I<<RestAPI 'CustomerManagement' has been created successfully. <<1658478875060
BIP9326I<<The source 'CustomerManagement.bar' has been successfully deployed. <<1658478875060
CustomerManagement.bar>>Node_CC_Bkr>>Test>>SUCCESS>>1658481024937
BIP9332I<<RestAPI 'CustomerManagement' has been changed successfully. <<1658481024937
BIP9326I<<The source 'CustomerManagement.bar' has been successfully deployed. <<1658481024937
CustomerManagement.bar>>Node_CC_Bkr>>Test>>SUCCESS>>1658482058067
BIP9332I<<RestAPI 'CustomerManagement' has been changed successfully. <<1658482058067
BIP9326I<<The source 'CustomerManagement.bar' has been successfully deployed. <<1658482058067
CustomerManagement.bar>>Node_CC_Bkr>>Test>>SUCCESS>>1658741029174
BIP9332I<<RestAPI 'CustomerManagement' has been changed successfully. <<1658741029174
BIP9326I<<The source 'CustomerManagement.bar' has been successfully deployed. <<1658741029174
CustomerManagement.bar>>Node_CC_Bkr>>Test>>SUCCESS>>1658741903374
BIP9332I<<RestAPI 'CustomerManagement' has been changed successfully. <<1658741903374
BIP9326I<<The source 'CustomerManagement.bar' has been successfully deployed. <<1658741903374
CustomerManagement.bar>>Node_CC_Bkr>>Test>>SUCCESS>>1658742623738
BIP9332I<<RestAPI 'CustomerManagement' has been changed successfully. <<1658742623738
BIP9326I<<The source 'CustomerManagement.bar' has been successfully deployed. <<1658742623738
CustomerManagement.bar>>Node_CC_Bkr>>Test>>SUCCESS>>1658742874766
BIP9332I<<RestAPI 'CustomerManagement' has been changed successfully. <<1658742874766
BIP9326I<<The source 'CustomerManagement.bar' has been successfully deployed. <<1658742874766
CustomerManagement.bar>>Node_CC_Bkr>>Test>>SUCCESS>>1658742955351
BIP9332I<<RestAPI 'CustomerManagement' has been changed successfully. <<1658742955351
BIP9326I<<The source 'CustomerManagement.bar' has been successfully deployed. <<1658742955351
CustomerManagement.bar>>Node_CC_Bkr>>Test>>SUCCESS>>1658743259228
BIP9332I<<RestAPI 'CustomerManagement' has been changed successfully. <<1658743259228
BIP9326I<<The source 'CustomerManagement.bar' has been successfully deployed. <<1658743259228
CustomerManagement.bar>>Node_CC_Bkr>>Test>>SUCCESS>>1658744241357
BIP9332I<<RestAPI 'CustomerManagement' has been changed successfully. <<1658744241357
BIP9326I<<The source 'CustomerManagement.bar' has been successfully deployed. <<1658744241357
CustomerManagement.bar>>Node_CC_Bkr>>Test>>SUCCESS>>1658745313976
BIP9332I<<RestAPI 'CustomerManagement' has been changed successfully. <<1658745313976
BIP9326I<<The source 'CustomerManagement.bar' has been successfully deployed. <<1658745313976
CustomerManagement.bar>>Node_CC_Bkr>>Test>>SUCCESS>>1658745425552
BIP9332I<<RestAPI 'CustomerManagement' has been changed successfully. <<1658745425552
BIP9326I<<The source 'CustomerManagement.bar' has been successfully deployed. <<1658745425552
CustomerManagement.bar>>Node_CC_Bkr>>Test>>SUCCESS>>1658745670673
BIP9332I<<RestAPI 'CustomerManagement' has been changed successfully. <<1658745670673
BIP9326I<<The source 'CustomerManagement.bar' has been successfully deployed. <<1658745670673
CustomerManagement.bar>>Node_CC_Bkr>>Test>>SUCCESS>>1658746131605
BIP9332I<<RestAPI 'CustomerManagement' has been changed successfully. <<1658746131605
BIP9326I<<The source 'CustomerManagement.bar' has been successfully deployed. <<1658746131605
CustomerManagement.bar>>Node_CC_Bkr>>Test>>SUCCESS>>1658756887307
BIP9332I<<RestAPI 'CustomerManagement' has been changed successfully. <<1658756887307
BIP9326I<<The source 'CustomerManagement.bar' has been successfully deployed. <<1658756887307
CustomerManagement>>Node_CC_Bkr>>Test>>SUCCESS>>1658756963575
BIP9332I<<RestAPI 'CustomerManagement' has been changed successfully. <<1658756963575
BIP9326I<<The source 'CustomerManagementproject.TestMode.bar' has been successfully deployed. <<1658756963575
CustomerManagement>>Node_CC_Bkr>>Test>>SUCCESS>>1658773244939
BIP9332I<<RestAPI 'CustomerManagement' has been changed successfully. <<1658773244939
BIP9326I<<The source 'CustomerManagementproject.TestMode.bar' has been successfully deployed. <<1658773244939
CustomerManagement.bar>>Node_CC_Bkr>>Test>>SUCCESS>>1658773481910
BIP9332I<<RestAPI 'CustomerManagement' has been changed successfully. <<1658773481910
BIP9326I<<The source 'CustomerManagement.bar' has been successfully deployed. <<1658773481910
CustomerManagement>>Node_CC_Bkr>>Test>>SUCCESS>>1658773674772
BIP9332I<<RestAPI 'CustomerManagement' has been changed successfully. <<1658773674772
BIP9326I<<The source 'CustomerManagementproject.TestMode.bar' has been successfully deployed. <<1658773674772
CustomerManagement>>Node_CC_Bkr>>Test>>SUCCESS>>1658818621232
BIP9332I<<RestAPI 'CustomerManagement' has been changed successfully. <<1658818621232
BIP9326I<<The source 'CustomerManagementproject.TestMode.bar' has been successfully deployed. <<1658818621232
CustomerManagement>>Node_CC_Bkr>>Test>>SUCCESS>>1658818682350
BIP9332I<<RestAPI 'CustomerManagement' has been changed successfully. <<1658818682350
BIP9326I<<The source 'CustomerManagementproject.TestMode.bar' has been successfully deployed. <<1658818682350
CustomerManagement>>Node_CC_Bkr>>Test>>SUCCESS>>1658818794605
BIP9332I<<RestAPI 'CustomerManagement' has been changed successfully. <<1658818794605
BIP9326I<<The source 'CustomerManagementproject.TestMode.bar' has been successfully deployed. <<1658818794605
CustomerManagement>>Node_CC_Bkr>>Test>>SUCCESS>>1658821980967
BIP9332I<<RestAPI 'CustomerManagement' has been changed successfully. <<1658821980967
BIP9326I<<The source 'CustomerManagementproject.TestMode.bar' has been successfully deployed. <<1658821980967
CustomerManagement.bar>>Node_CC_Bkr>>Test>>SUCCESS>>1658849331248
BIP9332I<<RestAPI 'CustomerManagement' has been changed successfully. <<1658849331248
BIP9326I<<The source 'CustomerManagement.bar' has been successfully deployed. <<1658849331248
CustomerManagement>>Node_CC_Bkr>>Test>>SUCCESS>>1658849351905
BIP9332I<<RestAPI 'CustomerManagement' has been changed successfully. <<1658849351905
BIP9326I<<The source 'CustomerManagementproject.TestMode.bar' has been successfully deployed. <<1658849351905
CustomerManagement.bar>>Node_CC_Bkr>>Test>>SUCCESS>>1658849498000
BIP9332I<<RestAPI 'CustomerManagement' has been changed successfully. <<1658849498000
BIP9326I<<The source 'CustomerManagement.bar' has been successfully deployed. <<1658849498000
CustomerManagement.bar>>Node_CC_Bkr>>Test>>SUCCESS>>1658850031514
BIP9332I<<RestAPI 'CustomerManagement' has been changed successfully. <<1658850031514
BIP9326I<<The source 'CustomerManagement.bar' has been successfully deployed. <<1658850031514
CustomerManagement.bar>>Node_CC_Bkr>>Test>>SUCCESS>>1658850991686
BIP9332I<<RestAPI 'CustomerManagement' has been changed successfully. <<1658850991686
BIP9326I<<The source 'CustomerManagement.bar' has been successfully deployed. <<1658850991686
CustomerManagement.bar>>Node_CC_Bkr>>Test>>SUCCESS>>1658851433875
BIP9332I<<RestAPI 'CustomerManagement' has been changed successfully. <<1658851433875
BIP9326I<<The source 'CustomerManagement.bar' has been successfully deployed. <<1658851433875
CustomerManagement.bar>>Node_CC_Bkr>>Test>>SUCCESS>>1658852393482
BIP9332I<<RestAPI 'CustomerManagement' has been changed successfully. <<1658852393482
BIP9326I<<The source 'CustomerManagement.bar' has been successfully deployed. <<1658852393482
CustomerManagement.bar>>Node_CC_Bkr>>Test>>SUCCESS>>1658852994303
BIP9332I<<RestAPI 'CustomerManagement' has been changed successfully. <<1658852994303
BIP9326I<<The source 'CustomerManagement.bar' has been successfully deployed. <<1658852994303
CustomerManagement.bar>>Node_CC_Bkr>>Test>>SUCCESS>>1658853316738
BIP9332I<<RestAPI 'CustomerManagement' has been changed successfully. <<1658853316738
BIP9326I<<The source 'CustomerManagement.bar' has been successfully deployed. <<1658853316738
CustomerManagement.bar>>Node_CC_Bkr>>Test>>SUCCESS>>1658853919787
BIP9332I<<RestAPI 'CustomerManagement' has been changed successfully. <<1658853919787
BIP9326I<<The source 'CustomerManagement.bar' has been successfully deployed. <<1658853919787
CustomerManagement.bar>>Node_CC_Bkr>>Test>>SUCCESS>>1658892880466
BIP9332I<<RestAPI 'CustomerManagement' has been changed successfully. <<1658892880466
BIP9326I<<The source 'CustomerManagement.bar' has been successfully deployed. <<1658892880466
CustomerManagement.bar>>Node_CC_Bkr>>Test>>SUCCESS>>1658893210953
BIP9332I<<RestAPI 'CustomerManagement' has been changed successfully. <<1658893210953
BIP9326I<<The source 'CustomerManagement.bar' has been successfully deployed. <<1658893210953
CustomerManagement.bar>>Node_CC_Bkr>>Test>>SUCCESS>>1658894722027
BIP9332I<<RestAPI 'CustomerManagement' has been changed successfully. <<1658894722027
BIP9326I<<The source 'CustomerManagement.bar' has been successfully deployed. <<1658894722027
CustomerManagement.bar>>Node_CC_Bkr>>Test>>SUCCESS>>1658895289206
BIP9332I<<RestAPI 'CustomerManagement' has been changed successfully. <<1658895289206
BIP9326I<<The source 'CustomerManagement.bar' has been successfully deployed. <<1658895289206
CustomerManagement.bar>>Node_CC_Bkr>>Test>>SUCCESS>>1658895666756
BIP9332I<<RestAPI 'CustomerManagement' has been changed successfully. <<1658895666756
BIP9326I<<The source 'CustomerManagement.bar' has been successfully deployed. <<1658895666756
CustomerManagement.bar>>Node_CC_Bkr>>Test>>SUCCESS>>1658895785611
BIP9332I<<RestAPI 'CustomerManagement' has been changed successfully. <<1658895785611
BIP9326I<<The source 'CustomerManagement.bar' has been successfully deployed. <<1658895785611
CustomerManagement.bar>>Node_CC_Bkr>>Test>>SUCCESS>>1658895847483
BIP9332I<<RestAPI 'CustomerManagement' has been changed successfully. <<1658895847483
BIP9326I<<The source 'CustomerManagement.bar' has been successfully deployed. <<1658895847483
CustomerManagement.bar>>Node_CC_Bkr>>Test>>SUCCESS>>1658895959094
BIP9332I<<RestAPI 'CustomerManagement' has been changed successfully. <<1658895959094
BIP9326I<<The source 'CustomerManagement.bar' has been successfully deployed. <<1658895959094
CustomerManagement.bar>>Node_CC_Bkr>>Test>>SUCCESS>>1658896096456
BIP9332I<<RestAPI 'CustomerManagement' has been changed successfully. <<1658896096456
BIP9326I<<The source 'CustomerManagement.bar' has been successfully deployed. <<1658896096456
CustomerManagement.bar>>Node_CC_Bkr>>Test>>SUCCESS>>1658896428410
BIP9332I<<RestAPI 'CustomerManagement' has been changed successfully. <<1658896428410
BIP9326I<<The source 'CustomerManagement.bar' has been successfully deployed. <<1658896428410
CustomerManagement.bar>>Node_CC_Bkr>>Test>>SUCCESS>>1658896695446
BIP9332I<<RestAPI 'CustomerManagement' has been changed successfully. <<1658896695446
BIP9326I<<The source 'CustomerManagement.bar' has been successfully deployed. <<1658896695446
CustomerManagement.bar>>Node_CC_Bkr>>Test>>SUCCESS>>1658898114097
BIP9332I<<RestAPI 'CustomerManagement' has been changed successfully. <<1658898114097
BIP9326I<<The source 'CustomerManagement.bar' has been successfully deployed. <<1658898114097
CustomerManagement.bar>>Node_CC_Bkr>>Test>>SUCCESS>>1658898182777
BIP9332I<<RestAPI 'CustomerManagement' has been changed successfully. <<1658898182777
BIP9326I<<The source 'CustomerManagement.bar' has been successfully deployed. <<1658898182777
CustomerManagement.bar>>Node_CC_Bkr>>Test>>SUCCESS>>1658898300475
BIP9332I<<RestAPI 'CustomerManagement' has been changed successfully. <<1658898300475
BIP9326I<<The source 'CustomerManagement.bar' has been successfully deployed. <<1658898300475
CustomerManagement>>Node_CC_Bkr>>Test>>SUCCESS>>1658900029355
BIP9332I<<RestAPI 'CustomerManagement' has been changed successfully. <<1658900029355
BIP9326I<<The source 'CustomerManagementproject.TestMode.bar' has been successfully deployed. <<1658900029355
CustomerManagement.bar>>Node_CC_Bkr>>Test>>SUCCESS>>1658901347399
BIP9332I<<RestAPI 'CustomerManagement' has been changed successfully. <<1658901347399
BIP9326I<<The source 'CustomerManagement.bar' has been successfully deployed. <<1658901347399
CustomerManagement.bar>>Node_CC_Bkr>>Test>>SUCCESS>>1658902501642
BIP9332I<<RestAPI 'CustomerManagement' has been changed successfully. <<1658902501642
BIP9326I<<The source 'CustomerManagement.bar' has been successfully deployed. <<1658902501642
CustomerManagement.bar>>Node_CC_Bkr>>Test>>SUCCESS>>1658902724444
BIP9332I<<RestAPI 'CustomerManagement' has been changed successfully. <<1658902724444
BIP9326I<<The source 'CustomerManagement.bar' has been successfully deployed. <<1658902724444
CustomerManagement.bar>>Node_CC_Bkr>>Test>>SUCCESS>>1658903672780
BIP9332I<<RestAPI 'CustomerManagement' has been changed successfully. <<1658903672780
BIP9326I<<The source 'CustomerManagement.bar' has been successfully deployed. <<1658903672780
Miliman.bar>>Node_CC_Bkr>>Test>>SUCCESS>>1658908754837
BIP9332I<<Application 'Milliman_RiskAssessment_APP' has been created successfully. <<1658908754837
BIP9326I<<The source 'Miliman.bar' has been successfully deployed. <<1658908754837
Miliman.bar>>Node_CC_Bkr>>Test>>SUCCESS>>1658908831936
BIP9332I<<Application 'Milliman_RiskAssessment_APP' has been changed successfully. <<1658908831936
BIP9326I<<The source 'Miliman.bar' has been successfully deployed. <<1658908831936
CustomerManagement.bar>>Node_CC_Bkr>>Test>>SUCCESS>>1658909445013
BIP9332I<<RestAPI 'CustomerManagement' has been changed successfully. <<1658909445013
BIP9326I<<The source 'CustomerManagement.bar' has been successfully deployed. <<1658909445013
Miliman.bar>>Node_CC_Bkr>>Test>>SUCCESS>>1658909465758
BIP9332I<<Application 'Milliman_RiskAssessment_APP' has been changed successfully. <<1658909465758
BIP9326I<<The source 'Miliman.bar' has been successfully deployed. <<1658909465758
Miliman.bar>>Node_CC_Bkr>>Test>>SUCCESS>>1658913628261
BIP9332I<<Application 'Milliman_RiskAssessment_APP' has been changed successfully. <<1658913628261
BIP9326I<<The source 'Miliman.bar' has been successfully deployed. <<1658913628261
Miliman.bar>>Node_CC_Bkr>>Test>>SUCCESS>>1658916629202
BIP9332I<<Application 'Milliman_RiskAssessment_APP' has been changed successfully. <<1658916629202
BIP9326I<<The source 'Miliman.bar' has been successfully deployed. <<1658916629202
Miliman.bar>>Node_CC_Bkr>>Test>>SUCCESS>>1658916770138
BIP9332I<<Application 'Milliman_RiskAssessment_APP' has been changed successfully. <<1658916770138
BIP9326I<<The source 'Miliman.bar' has been successfully deployed. <<1658916770138
Miliman.bar>>Node_CC_Bkr>>Test>>SUCCESS>>1658916855742
BIP9332I<<Application 'Milliman_RiskAssessment_APP' has been changed successfully. <<1658916855742
BIP9326I<<The source 'Miliman.bar' has been successfully deployed. <<1658916855742
Miliman.bar>>Node_CC_Bkr>>Test>>SUCCESS>>1658916958588
BIP9332I<<Application 'Milliman_RiskAssessment_APP' has been changed successfully. <<1658916958588
BIP9326I<<The source 'Miliman.bar' has been successfully deployed. <<1658916958588
Miliman.bar>>Node_CC_Bkr>>Test>>SUCCESS>>1658917179162
BIP9332I<<Application 'Milliman_RiskAssessment_APP' has been changed successfully. <<1658917179162
BIP9326I<<The source 'Miliman.bar' has been successfully deployed. <<1658917179162
Miliman.bar>>Node_CC_Bkr>>Test>>SUCCESS>>1658917318208
BIP9332I<<Application 'Milliman_RiskAssessment_APP' has been changed successfully. <<1658917318208
BIP9326I<<The source 'Miliman.bar' has been successfully deployed. <<1658917318208
Miliman.bar>>Node_CC_Bkr>>Test>>SUCCESS>>1658918439423
BIP9332I<<Application 'Milliman_RiskAssessment_APP' has been changed successfully. <<1658918439423
BIP9326I<<The source 'Miliman.bar' has been successfully deployed. <<1658918439423
Milliman_RiskAssessment_APP>>Node_CC_Bkr>>Test>>SUCCESS>>1658918463168
BIP9332I<<Application 'Milliman_RiskAssessment_APP' has been changed successfully. <<1658918463168
BIP9326I<<The source 'Milliman_RiskAssessment_APPproject.TestMode.bar' has been successfully deployed. <<1658918463168
Milliman_RiskAssessment_APP>>Node_CC_Bkr>>Test>>SUCCESS>>1658918693737
BIP9332I<<Application 'Milliman_RiskAssessment_APP' has been changed successfully. <<1658918693737
BIP9326I<<The source 'Milliman_RiskAssessment_APPproject.TestMode.bar' has been successfully deployed. <<1658918693737
Milliman_RiskAssessment_APP>>Node_CC_Bkr>>Test>>SUCCESS>>1658918735621
BIP9332I<<Application 'Milliman_RiskAssessment_APP' has been changed successfully. <<1658918735621
BIP9326I<<The source 'Milliman_RiskAssessment_APPproject.TestMode.bar' has been successfully deployed. <<1658918735621
Miliman.bar>>Node_CC_Bkr>>Test>>SUCCESS>>1658920847773
BIP9332I<<Application 'Milliman_RiskAssessment_APP' has been changed successfully. <<1658920847773
BIP9326I<<The source 'Miliman.bar' has been successfully deployed. <<1658920847773
MQTask.bar>>Node_CC_Bkr>>Test>>SUCCESS>>1658920990568
BIP9332I<<Application 'TaskEmail' has been created successfully. <<1658920990568
BIP9326I<<The source 'MQTask.bar' has been successfully deployed. <<1658920990568
MQTask.bar>>Node_CC_Bkr>>Test>>SUCCESS>>1658921041251
BIP9332I<<Application 'TaskEmail' has been changed successfully. <<1658921041251
BIP9326I<<The source 'MQTask.bar' has been successfully deployed. <<1658921041251
TaskEmail>>Node_CC_Bkr>>Test>>SUCCESS>>1658921293679
BIP9332I<<Application 'TaskEmail' has been changed successfully. <<1658921293679
BIP9326I<<The source 'TaskEmailproject.TestMode.bar' has been successfully deployed. <<1658921293679
MQTask.bar>>Node_CC_Bkr>>Test>>SUCCESS>>1658941112738
BIP9332I<<Application 'TaskEmail' has been changed successfully. <<1658941112738
BIP9326I<<The source 'MQTask.bar' has been successfully deployed. <<1658941112738
TaskEmail>>Node_CC_Bkr>>Test>>SUCCESS>>1658941328314
BIP9332I<<Application 'TaskEmail' has been changed successfully. <<1658941328314
BIP9326I<<The source 'TaskEmailproject.TestMode.bar' has been successfully deployed. <<1658941328314
FileProcessing.bar>>Node_CC_Bkr>>Test>>SUCCESS>>1658942118848
BIP9332I<<Application 'FileProcessing' has been created successfully. <<1658942118848
BIP9326I<<The source 'FileProcessing.bar' has been successfully deployed. <<1658942118848
FileProcessing>>Node_CC_Bkr>>Test>>SUCCESS>>1658942236496
BIP9332I<<Application 'FileProcessing' has been changed successfully. <<1658942236496
BIP9326I<<The source 'FileProcessingproject.TestMode.bar' has been successfully deployed. <<1658942236496
FileProcessingproject.TestMode.bar>>Node_CC_Bkr>>Test>>SUCCESS>>1658943962366
BIP9332I<<Application 'FileProcessing' has been changed successfully. <<1658943962366
BIP9326I<<The source 'FileProcessingproject.TestMode.bar' has been successfully deployed. <<1658943962366
FileProcessing>>Node_CC_Bkr>>Test>>SUCCESS>>1658944087732
BIP9332I<<Application 'FileProcessing' has been changed successfully. <<1658944087732
BIP9326I<<The source 'FileProcessingproject.TestMode.bar' has been successfully deployed. <<1658944087732
Milliman_RiskAssessment_APP>>Node_CC_Bkr>>Test>>SUCCESS>>1658996166406
BIP9332I<<Application 'Milliman_RiskAssessment_APP' has been changed successfully. <<1658996166406
BIP9326I<<The source 'Milliman_RiskAssessment_APPproject.TestMode.bar' has been successfully deployed. <<1658996166406
Milliman_RiskAssessment_APP>>Node_CC_Bkr>>Test>>SUCCESS>>1658996328702
BIP9332I<<Application 'Milliman_RiskAssessment_APP' has been changed successfully. <<1658996328702
BIP9326I<<The source 'Milliman_RiskAssessment_APPproject.TestMode.bar' has been successfully deployed. <<1658996328702
Milliman_RiskAssessment_APP>>Node_CC_Bkr>>Test>>SUCCESS>>1658996763239
BIP9332I<<Application 'Milliman_RiskAssessment_APP' has been changed successfully. <<1658996763239
BIP9326I<<The source 'Milliman_RiskAssessment_APPproject.TestMode.bar' has been successfully deployed. <<1658996763239
CustomerManagement>>Node_CC_Bkr>>Test>>SUCCESS>>1659006198659
BIP9332I<<RestAPI 'CustomerManagement' has been changed successfully. <<1659006198659
BIP9326I<<The source 'CustomerManagementproject.TestMode.bar' has been successfully deployed. <<1659006198659
CustomerManagement.bar>>Node_CC_Bkr>>Test>>SUCCESS>>1659281144616
BIP9332I<<RestAPI 'CustomerManagement' has been changed successfully. <<1659281144616
BIP9326I<<The source 'CustomerManagement.bar' has been successfully deployed. <<1659281144616
CustomerManagement>>Node_CC_Bkr>>Test>>SUCCESS>>1659286830657
BIP9332I<<RestAPI 'CustomerManagement' has been changed successfully. <<1659286830657
BIP9326I<<The source 'CustomerManagementproject.TestMode.bar' has been successfully deployed. <<1659286830657
CustomerManagement>>Node_CC_Bkr>>Test>>SUCCESS>>1659324986509
BIP9332I<<RestAPI 'CustomerManagement' has been changed successfully. <<1659324986509
BIP9326I<<The source 'CustomerManagementproject.TestMode.bar' has been successfully deployed. <<1659324986509
CustomerManagement>>Node_CC_Bkr>>Test>>SUCCESS>>1659325067701
BIP9332I<<RestAPI 'CustomerManagement' has been changed successfully. <<1659325067701
BIP9326I<<The source 'CustomerManagementproject.TestMode.bar' has been successfully deployed. <<1659325067701
CustomerManagement.bar>>Node_CC_Bkr>>Test>>SUCCESS>>1659326787573
BIP9332I<<RestAPI 'CustomerManagement' has been changed successfully. <<1659326787573
BIP9326I<<The source 'CustomerManagement.bar' has been successfully deployed. <<1659326787573
CustomerManagement.bar>>Node_CC_Bkr>>Test>>SUCCESS>>1659327667780
BIP9332I<<RestAPI 'CustomerManagement' has been changed successfully. <<1659327667780
BIP9326I<<The source 'CustomerManagement.bar' has been successfully deployed. <<1659327667780
CustomerManagement.bar>>Node_CC_Bkr>>Test>>SUCCESS>>1659327737041
BIP9332I<<RestAPI 'CustomerManagement' has been changed successfully. <<1659327737041
BIP9326I<<The source 'CustomerManagement.bar' has been successfully deployed. <<1659327737041
CustomerManagement.bar>>Node_CC_Bkr>>Test>>SUCCESS>>1659328024572
BIP9332I<<RestAPI 'CustomerManagement' has been changed successfully. <<1659328024572
BIP9326I<<The source 'CustomerManagement.bar' has been successfully deployed. <<1659328024572
CustomerManagement.bar>>Node_CC_Bkr>>Test>>SUCCESS>>1659328184194
BIP9332I<<RestAPI 'CustomerManagement' has been changed successfully. <<1659328184194
BIP9326I<<The source 'CustomerManagement.bar' has been successfully deployed. <<1659328184194
CustomerManagement.bar>>Node_CC_Bkr>>Test>>SUCCESS>>1659328399264
BIP9332I<<RestAPI 'CustomerManagement' has been changed successfully. <<1659328399264
BIP9326I<<The source 'CustomerManagement.bar' has been successfully deployed. <<1659328399264
CustomerManagement.bar>>Node_CC_Bkr>>Test>>SUCCESS>>1659328511335
BIP9332I<<RestAPI 'CustomerManagement' has been changed successfully. <<1659328511335
BIP9326I<<The source 'CustomerManagement.bar' has been successfully deployed. <<1659328511335
CustomerManagement.bar>>Node_CC_Bkr>>Test>>SUCCESS>>1659328611722
BIP9332I<<RestAPI 'CustomerManagement' has been changed successfully. <<1659328611722
BIP9326I<<The source 'CustomerManagement.bar' has been successfully deployed. <<1659328611722
CustomerManagement.bar>>Node_CC_Bkr>>Test>>SUCCESS>>1659328715657
BIP9332I<<RestAPI 'CustomerManagement' has been changed successfully. <<1659328715657
BIP9326I<<The source 'CustomerManagement.bar' has been successfully deployed. <<1659328715657
CustomerManagement.bar>>Node_CC_Bkr>>Test>>SUCCESS>>1659328858229
BIP9332I<<RestAPI 'CustomerManagement' has been changed successfully. <<1659328858229
BIP9326I<<The source 'CustomerManagement.bar' has been successfully deployed. <<1659328858229
CustomerManagement.bar>>Node_CC_Bkr>>Test>>SUCCESS>>1659329033907
BIP9332I<<RestAPI 'CustomerManagement' has been changed successfully. <<1659329033907
BIP9326I<<The source 'CustomerManagement.bar' has been successfully deployed. <<1659329033907
TaskEmailproject.TestMode.bar>>Node_CC_Bkr>>Test>>SUCCESS>>1659342978461
BIP9332I<<Application 'TaskEmail' has been changed successfully. <<1659342978461
BIP9326I<<The source 'TaskEmailproject.TestMode.bar' has been successfully deployed. <<1659342978461
TaskEmailproject.TestMode.bar>>Node_CC_Bkr>>Test>>SUCCESS>>1659343293979
BIP9332I<<Application 'TaskEmail' has been changed successfully. <<1659343293979
BIP9326I<<The source 'TaskEmailproject.TestMode.bar' has been successfully deployed. <<1659343293979
TaskEmailproject.TestMode.bar>>Node_CC_Bkr>>Test>>SUCCESS>>1659343349798
BIP9332I<<Application 'TaskEmail' has been changed successfully. <<1659343349798
BIP9326I<<The source 'TaskEmailproject.TestMode.bar' has been successfully deployed. <<1659343349798
TaskEmailproject.TestMode.bar>>Node_CC_Bkr>>Test>>SUCCESS>>1659343612106
BIP9332I<<Application 'TaskEmail' has been changed successfully. <<1659343612106
BIP9326I<<The source 'TaskEmailproject.TestMode.bar' has been successfully deployed. <<1659343612106
CustomerManagement.bar>>Node_CC_Bkr>>Test>>SUCCESS>>1659357201253
BIP9332I<<RestAPI 'CustomerManagement' has been changed successfully. <<1659357201253
BIP9326I<<The source 'CustomerManagement.bar' has been successfully deployed. <<1659357201253
CustomerManagement.bar>>Node_CC_Bkr>>Test>>SUCCESS>>1659357312957
BIP9332I<<RestAPI 'CustomerManagement' has been changed successfully. <<1659357312957
BIP9326I<<The source 'CustomerManagement.bar' has been successfully deployed. <<1659357312957
CustomerManagement.bar>>Node_CC_Bkr>>Test>>SUCCESS>>1659357450796
BIP9332I<<RestAPI 'CustomerManagement' has been changed successfully. <<1659357450796
BIP9326I<<The source 'CustomerManagement.bar' has been successfully deployed. <<1659357450796
CustomerManagement>>Node_CC_Bkr>>Test>>SUCCESS>>1659359856622
BIP9332I<<RestAPI 'CustomerManagement' has been changed successfully. <<1659359856622
BIP9326I<<The source 'CustomerManagementproject.TestMode.bar' has been successfully deployed. <<1659359856622
TaskEmailproject.TestMode.bar>>Node_CC_Bkr>>Test>>SUCCESS>>1659363142880
BIP9332I<<Application 'TaskEmail' has been changed successfully. <<1659363142880
BIP9326I<<The source 'TaskEmailproject.TestMode.bar' has been successfully deployed. <<1659363142880
TaskEmail>>Node_CC_Bkr>>Test>>SUCCESS>>1659365926681
BIP9332I<<Application 'TaskEmail' has been changed successfully. <<1659365926681
BIP9326I<<The source 'TaskEmailproject.TestMode.bar' has been successfully deployed. <<1659365926681
TaskEmailproject.TestMode.bar>>Node_CC_Bkr>>Test>>SUCCESS>>1659365960018
BIP9332I<<Application 'TaskEmail' has been changed successfully. <<1659365960018
BIP9326I<<The source 'TaskEmailproject.TestMode.bar' has been successfully deployed. <<1659365960018
TaskEmail>>Node_CC_Bkr>>Test>>SUCCESS>>1659365974721
BIP9332I<<Application 'TaskEmail' has been changed successfully. <<1659365974721
BIP9326I<<The source 'TaskEmailproject.TestMode.bar' has been successfully deployed. <<1659365974721
TaskEmail>>Node_CC_Bkr>>Test>>SUCCESS>>1659367999088
BIP9332I<<Application 'TaskEmail' has been changed successfully. <<1659367999088
BIP9326I<<The source 'TaskEmailproject.TestMode.bar' has been successfully deployed. <<1659367999088
TaskEmailproject.TestMode.bar>>Node_CC_Bkr>>Test>>SUCCESS>>1659368282658
BIP9332I<<Application 'TaskEmail' has been changed successfully. <<1659368282658
BIP9326I<<The source 'TaskEmailproject.TestMode.bar' has been successfully deployed. <<1659368282658
TaskEmail>>Node_CC_Bkr>>Test>>SUCCESS>>1659368347788
BIP9332I<<Application 'TaskEmail' has been changed successfully. <<1659368347788
BIP9326I<<The source 'TaskEmailproject.TestMode.bar' has been successfully deployed. <<1659368347788
FileProcessing.bar>>Node_CC_Bkr>>Test>>SUCCESS>>1659369163456
BIP9332I<<Application 'FileProcessing' has been changed successfully. <<1659369163456
BIP9326I<<The source 'FileProcessing.bar' has been successfully deployed. <<1659369163456
FileProcessing.bar>>Node_CC_Bkr>>Test>>SUCCESS>>1659369277054
BIP9332I<<Application 'FileProcessing' has been changed successfully. <<1659369277054
BIP9326I<<The source 'FileProcessing.bar' has been successfully deployed. <<1659369277054
FileProcessing>>Node_CC_Bkr>>Test>>SUCCESS>>1659369308221
BIP9332I<<Application 'FileProcessing' has been changed successfully. <<1659369308221
BIP9326I<<The source 'FileProcessingproject.TestMode.bar' has been successfully deployed. <<1659369308221
CustomerDetails.bar>>Node_CC_Bkr>>Test>>WARNING>>1659399679217
BIP9320E<<Message Flow 'gen.CustomerDetails', 'gen.CustomerDetails' encountered a failure and could not start. <<1659399679217
BIP6319E<<The HTTPInput node 'HTTP Input' in message flow 'gen.CustomerDetails' (application 'CustomerDetails', library '') could not be deployed because it has an invalid URL specifier of '/spi/v1*'. The URL specifier is invalid as it clashes with the URL specifier '/spi/v1*' of the HTTPInput node 'HTTP Input' in message flow 'gen.CustomerManagement' (application 'CustomerManagement', library ''). <<1659399679217
BIP9333W<<RestAPI 'CustomerDetails' has been created but contains errors which has prevented some resources from starting. <<1659399679217
BIP1096E<<The source 'CustomerDetails.bar' has been deployed but there were one or more failures which may mean the deployed resources will be unable to execute. <<1659399679217
CustomerDetails.bar>>Node_CC_Bkr>>Test>>SUCCESS>>1659399711536
BIP9332I<<RestAPI 'CustomerDetails' has been changed successfully. <<1659399711536
BIP9326I<<The source 'CustomerDetails.bar' has been successfully deployed. <<1659399711536
CustomerDetails>>Node_CC_Bkr>>Test>>SUCCESS>>1659404665284
BIP9332I<<RestAPI 'CustomerDetails' has been changed successfully. <<1659404665284
BIP9326I<<The source 'CustomerDetailsproject.TestMode.bar' has been successfully deployed. <<1659404665284
CustomerDetails.bar>>Node_CC_Bkr>>Test>>SUCCESS>>1659405651995
BIP9332I<<RestAPI 'CustomerDetails' has been changed successfully. <<1659405651995
BIP9326I<<The source 'CustomerDetails.bar' has been successfully deployed. <<1659405651995
CustomerDetails>>Node_CC_Bkr>>Test>>SUCCESS>>1659405699513
BIP9332I<<RestAPI 'CustomerDetails' has been changed successfully. <<1659405699513
BIP9326I<<The source 'CustomerDetailsproject.TestMode.bar' has been successfully deployed. <<1659405699513
CustomerDetails>>Node_CC_Bkr>>Test>>SUCCESS>>1659406226964
BIP9332I<<RestAPI 'CustomerDetails' has been changed successfully. <<1659406226964
BIP9326I<<The source 'CustomerDetailsproject.TestMode.bar' has been successfully deployed. <<1659406226964
CustomerDetails>>Node_CC_Bkr>>Test>>SUCCESS>>1659406776080
BIP9332I<<RestAPI 'CustomerDetails' has been changed successfully. <<1659406776080
BIP9326I<<The source 'CustomerDetailsproject.TestMode.bar' has been successfully deployed. <<1659406776080
CustomerDetails>>Node_CC_Bkr>>Test>>SUCCESS>>1659410361962
BIP9332I<<RestAPI 'CustomerDetails' has been changed successfully. <<1659410361962
BIP9326I<<The source 'CustomerDetailsproject.TestMode.bar' has been successfully deployed. <<1659410361962
CustomerDetails>>Node_CC_Bkr>>Test>>SUCCESS>>1659410482279
BIP9332I<<RestAPI 'CustomerDetails' has been changed successfully. <<1659410482279
BIP9326I<<The source 'CustomerDetailsproject.TestMode.bar' has been successfully deployed. <<1659410482279
CustomerManagement>>Node_CC_Bkr>>Test>>SUCCESS>>1659431827529
BIP9332I<<RestAPI 'CustomerManagement' has been changed successfully. <<1659431827529
BIP9326I<<The source 'CustomerManagementproject.TestMode.bar' has been successfully deployed. <<1659431827529
CustomerManagement>>Node_CC_Bkr>>Test>>SUCCESS>>1659440126290
BIP9332I<<RestAPI 'CustomerManagement' has been changed successfully. <<1659440126290
BIP9326I<<The source 'CustomerManagementproject.TestMode.bar' has been successfully deployed. <<1659440126290
CustomerManagement>>Node_CC_Bkr>>Test>>SUCCESS>>1659440852711
BIP9332I<<RestAPI 'CustomerManagement' has been changed successfully. <<1659440852711
BIP9326I<<The source 'CustomerManagementproject.TestMode.bar' has been successfully deployed. <<1659440852711
CustomerManagement.bar>>Node_CC_Bkr>>Test>>WARNING>>1659694734356
BIP1239E<<Application 'CustomerManagement' references shared library 'JsonValidation', which is not deployed to the integration server. <<1659694734356
BIP1096E<<The source 'CustomerManagement.bar' has been deployed but there were one or more failures which may mean the deployed resources will be unable to execute. <<1659694734356
lib.bar>>Node_CC_Bkr>>Test>>SUCCESS>>1659694774805
BIP9332I<<SharedLibrary 'JsonValidation' has been created successfully. <<1659694774805
BIP9332I<<RestAPI 'CustomerManagement' has been reloaded successfully. <<1659694774805
BIP9326I<<The source 'lib.bar' has been successfully deployed. <<1659694774805
CustomerManagement.bar>>Node_CC_Bkr>>Test>>SUCCESS>>1659694786374
BIP9332I<<RestAPI 'CustomerManagement' has been changed successfully. <<1659694786374
BIP9326I<<The source 'CustomerManagement.bar' has been successfully deployed. <<1659694786374
lib.bar>>Node_CC_Bkr>>Test>>SUCCESS>>1659694924720
BIP9332I<<SharedLibrary 'JsonValidation' has been changed successfully. <<1659694924720
BIP9332I<<RestAPI 'CustomerManagement' has been reloaded successfully. <<1659694924720
BIP9326I<<The source 'lib.bar' has been successfully deployed. <<1659694924720
lib.bar>>Node_CC_Bkr>>Test>>SUCCESS>>1659694987037
BIP9332I<<SharedLibrary 'JsonValidation' has been changed successfully. <<1659694987037
BIP9332I<<RestAPI 'CustomerManagement' has been reloaded successfully. <<1659694987037
BIP9326I<<The source 'lib.bar' has been successfully deployed. <<1659694987037
lib.bar>>Node_CC_Bkr>>Test>>SUCCESS>>1659695274787
BIP9332I<<SharedLibrary 'JsonValidation' has been changed successfully. <<1659695274787
BIP9332I<<RestAPI 'CustomerManagement' has been reloaded successfully. <<1659695274787
BIP9326I<<The source 'lib.bar' has been successfully deployed. <<1659695274787
Service.bar>>Node_CC_Bkr>>Test>>SUCCESS>>1659695750301
BIP9332I<<Application 'Service' has been created successfully. <<1659695750301
BIP9332I<<SharedLibrary 'JsonValidation' has been changed successfully. <<1659695750301
BIP9332I<<RestAPI 'CustomerManagement' has been reloaded successfully. <<1659695750301
BIP9326I<<The source 'Service.bar' has been successfully deployed. <<1659695750301
Service.bar>>Node_CC_Bkr>>Test>>SUCCESS>>1659695887167
BIP9332I<<SharedLibrary 'JsonValidation' has been changed successfully. <<1659695887167
BIP9332I<<Application 'Service' has been changed successfully. <<1659695887167
BIP9332I<<RestAPI 'CustomerManagement' has been reloaded successfully. <<1659695887167
BIP9326I<<The source 'Service.bar' has been successfully deployed. <<1659695887167
Service.bar>>Node_CC_Bkr>>Test>>SUCCESS>>1659696237728
BIP9332I<<SharedLibrary 'JsonValidation' has been changed successfully. <<1659696237728
BIP9332I<<Application 'Service' has been changed successfully. <<1659696237728
BIP9332I<<RestAPI 'CustomerManagement' has been reloaded successfully. <<1659696237728
BIP9326I<<The source 'Service.bar' has been successfully deployed. <<1659696237728
Service.bar>>Node_CC_Bkr>>Test>>WARNING>>1659696318336
BIP9332I<<SharedLibrary 'JsonValidation' has been changed successfully. <<1659696318336
BIP9332I<<Application 'Service' has been changed successfully. <<1659696318336
BIP9320E<<Message Flow 'gen.CustomerManagement', 'gen.CustomerManagement' encountered a failure and could not start. <<1659696318336
BIP6319E<<The HTTPInput node 'HTTP Input' in message flow 'gen.CustomerManagement' (application 'CustomerManagement', library '') could not be deployed because it has an invalid URL specifier of '/spi/v1*'. The URL specifier is invalid as it clashes with the URL specifier '/spi/v1/test' of the HTTPInput node 'HTTP Input' in message flow 'httpflow' (application 'Service', library ''). <<1659696318336
BIP9333W<<RestAPI 'CustomerManagement' has been reloaded but contains errors which has prevented some resources from starting. <<1659696318336
BIP1096E<<The source 'Service.bar' has been deployed but there were one or more failures which may mean the deployed resources will be unable to execute. <<1659696318336
Service.bar>>Node_CC_Bkr>>Test>>WARNING>>1659696363241
BIP9332I<<SharedLibrary 'JsonValidation' has been changed successfully. <<1659696363241
BIP9332I<<Application 'Service' has been changed successfully. <<1659696363241
BIP9320E<<Message Flow 'gen.CustomerManagement', 'gen.CustomerManagement' encountered a failure and could not start. <<1659696363241
BIP6319E<<The HTTPInput node 'HTTP Input' in message flow 'gen.CustomerManagement' (application 'CustomerManagement', library '') could not be deployed because it has an invalid URL specifier of '/spi/v1*'. The URL specifier is invalid as it clashes with the URL specifier '/spi/v1/test' of the HTTPInput node 'HTTP Input' in message flow 'httpflow' (application 'Service', library ''). <<1659696363241
BIP9333W<<RestAPI 'CustomerManagement' has been reloaded but contains errors which has prevented some resources from starting. <<1659696363241
BIP1096E<<The source 'Service.bar' has been deployed but there were one or more failures which may mean the deployed resources will be unable to execute. <<1659696363241
Service.bar>>Node_CC_Bkr>>Test>>WARNING>>1659696400250
BIP9332I<<SharedLibrary 'JsonValidation' has been changed successfully. <<1659696400250
BIP9332I<<Application 'Service' has been changed successfully. <<1659696400250
BIP9320E<<Message Flow 'gen.CustomerManagement', 'gen.CustomerManagement' encountered a failure and could not start. <<1659696400250
BIP6319E<<The HTTPInput node 'HTTP Input' in message flow 'gen.CustomerManagement' (application 'CustomerManagement', library '') could not be deployed because it has an invalid URL specifier of '/spi/v1*'. The URL specifier is invalid as it clashes with the URL specifier '/spi/v1/test' of the HTTPInput node 'HTTP Input' in message flow 'httpflow' (application 'Service', library ''). <<1659696400250
BIP9333W<<RestAPI 'CustomerManagement' has been reloaded but contains errors which has prevented some resources from starting. <<1659696400250
BIP1096E<<The source 'Service.bar' has been deployed but there were one or more failures which may mean the deployed resources will be unable to execute. <<1659696400250
Service.bar>>Node_CC_Bkr>>Test>>SUCCESS>>1659696450521
BIP9332I<<SharedLibrary 'JsonValidation' has been changed successfully. <<1659696450521
BIP9332I<<Application 'Service' has been changed successfully. <<1659696450521
BIP9332I<<RestAPI 'CustomerManagement' has been reloaded successfully. <<1659696450521
BIP9326I<<The source 'Service.bar' has been successfully deployed. <<1659696450521
Service.bar>>Node_CC_Bkr>>Test>>SUCCESS>>1659696574144
BIP9332I<<SharedLibrary 'JsonValidation' has been changed successfully. <<1659696574144
BIP9332I<<Application 'Service' has been changed successfully. <<1659696574144
BIP9332I<<RestAPI 'CustomerManagement' has been reloaded successfully. <<1659696574144
BIP9326I<<The source 'Service.bar' has been successfully deployed. <<1659696574144
Service.bar>>Node_CC_Bkr>>Test>>SUCCESS>>1659697691864
BIP9332I<<SharedLibrary 'JsonValidation' has been changed successfully. <<1659697691864
BIP9332I<<Application 'Service' has been changed successfully. <<1659697691864
BIP9332I<<RestAPI 'CustomerManagement' has been reloaded successfully. <<1659697691864
BIP9326I<<The source 'Service.bar' has been successfully deployed. <<1659697691864
lib.bar>>Node_CC_Bkr>>Test>>SUCCESS>>1659697708364
BIP9332I<<SharedLibrary 'JsonValidation' has been changed successfully. <<1659697708364
BIP9332I<<Application 'Service' has been reloaded successfully. <<1659697708364
BIP9332I<<RestAPI 'CustomerManagement' has been reloaded successfully. <<1659697708364
BIP9326I<<The source 'lib.bar' has been successfully deployed. <<1659697708364
lib.bar>>Node_CC_Bkr>>Test>>SUCCESS>>1659705047918
BIP9332I<<SharedLibrary 'JsonValidation' has been changed successfully. <<1659705047918
BIP9332I<<Application 'Service' has been reloaded successfully. <<1659705047918
BIP9332I<<RestAPI 'CustomerManagement' has been reloaded successfully. <<1659705047918
BIP9326I<<The source 'lib.bar' has been successfully deployed. <<1659705047918
lib.bar>>Node_CC_Bkr>>Test>>SUCCESS>>1659705151282
BIP9332I<<SharedLibrary 'JsonValidation' has been changed successfully. <<1659705151282
BIP9332I<<Application 'Service' has been reloaded successfully. <<1659705151282
BIP9332I<<RestAPI 'CustomerManagement' has been reloaded successfully. <<1659705151282
BIP9326I<<The source 'lib.bar' has been successfully deployed. <<1659705151282
CustomerManagement.bar>>Node_CC_Bkr>>Test>>SUCCESS>>1659705328704
BIP9332I<<RestAPI 'CustomerManagement' has been changed successfully. <<1659705328704
BIP9326I<<The source 'CustomerManagement.bar' has been successfully deployed. <<1659705328704
CustomerManagement.bar>>Node_CC_Bkr>>Test>>SUCCESS>>1659705350664
BIP9332I<<RestAPI 'CustomerManagement' has been changed successfully. <<1659705350664
BIP9326I<<The source 'CustomerManagement.bar' has been successfully deployed. <<1659705350664
CustomerManagement.bar>>Node_CC_Bkr>>Test>>SUCCESS>>1659711261677
BIP9332I<<RestAPI 'CustomerManagement' has been changed successfully. <<1659711261677
BIP9326I<<The source 'CustomerManagement.bar' has been successfully deployed. <<1659711261677
CustomerManagement.bar>>Node_CC_Bkr>>Test>>SUCCESS>>1659711500146
BIP9332I<<RestAPI 'CustomerManagement' has been changed successfully. <<1659711500146
BIP9326I<<The source 'CustomerManagement.bar' has been successfully deployed. <<1659711500146
CustomerManagement.bar>>Node_CC_Bkr>>Test>>SUCCESS>>1659720676053
BIP9332I<<RestAPI 'CustomerManagement' has been changed successfully. <<1659720676053
BIP9326I<<The source 'CustomerManagement.bar' has been successfully deployed. <<1659720676053
CustomerManagement.bar>>Node_CC_Bkr>>Test>>SUCCESS>>1659720780948
BIP9332I<<RestAPI 'CustomerManagement' has been changed successfully. <<1659720780948
BIP9326I<<The source 'CustomerManagement.bar' has been successfully deployed. <<1659720780948
lib.bar>>Node_CC_Bkr>>Test>>SUCCESS>>1659721363523
BIP9332I<<SharedLibrary 'JsonValidation' has been changed successfully. <<1659721363523
BIP9332I<<Application 'Service' has been reloaded successfully. <<1659721363523
BIP9332I<<RestAPI 'CustomerManagement' has been reloaded successfully. <<1659721363523
BIP9326I<<The source 'lib.bar' has been successfully deployed. <<1659721363523
lib.bar>>Node_CC_Bkr>>Test>>SUCCESS>>1659721424836
BIP9332I<<SharedLibrary 'JsonValidation' has been changed successfully. <<1659721424836
BIP9332I<<Application 'Service' has been reloaded successfully. <<1659721424836
BIP9332I<<RestAPI 'CustomerManagement' has been reloaded successfully. <<1659721424836
BIP9326I<<The source 'lib.bar' has been successfully deployed. <<1659721424836
CustomerManagement.bar>>Node_CC_Bkr>>Test>>SUCCESS>>1659722126936
BIP9332I<<RestAPI 'CustomerManagement' has been changed successfully. <<1659722126936
BIP9326I<<The source 'CustomerManagement.bar' has been successfully deployed. <<1659722126936
lib.bar>>Node_CC_Bkr>>Test>>SUCCESS>>1659722145657
BIP9332I<<SharedLibrary 'JsonValidation' has been changed successfully. <<1659722145657
BIP9332I<<Application 'Service' has been reloaded successfully. <<1659722145657
BIP9332I<<RestAPI 'CustomerManagement' has been reloaded successfully. <<1659722145657
BIP9326I<<The source 'lib.bar' has been successfully deployed. <<1659722145657
lib.bar>>Node_CC_Bkr>>Test>>SUCCESS>>1659722310733
BIP9332I<<SharedLibrary 'JsonValidation' has been changed successfully. <<1659722310733
BIP9332I<<Application 'Service' has been reloaded successfully. <<1659722310733
BIP9332I<<RestAPI 'CustomerManagement' has been reloaded successfully. <<1659722310733
BIP9326I<<The source 'lib.bar' has been successfully deployed. <<1659722310733
lib.bar>>Node_CC_Bkr>>Test>>SUCCESS>>1659763084276
BIP9332I<<SharedLibrary 'JsonValidation' has been changed successfully. <<1659763084276
BIP9332I<<Application 'Service' has been reloaded successfully. <<1659763084276
BIP9332I<<RestAPI 'CustomerManagement' has been reloaded successfully. <<1659763084276
BIP9326I<<The source 'lib.bar' has been successfully deployed. <<1659763084276
CustomerManagement.bar>>Node_CC_Bkr>>Test>>SUCCESS>>1659763145977
BIP9332I<<RestAPI 'CustomerManagement' has been changed successfully. <<1659763145977
BIP9326I<<The source 'CustomerManagement.bar' has been successfully deployed. <<1659763145977
CustomerManagement.bar>>Node_CC_Bkr>>Test>>SUCCESS>>1659765301495
BIP9332I<<RestAPI 'CustomerManagement' has been changed successfully. <<1659765301495
BIP9326I<<The source 'CustomerManagement.bar' has been successfully deployed. <<1659765301495
CustomerManagement.bar>>Node_CC_Bkr>>Test>>SUCCESS>>1659765379515
BIP9332I<<RestAPI 'CustomerManagement' has been changed successfully. <<1659765379515
BIP9326I<<The source 'CustomerManagement.bar' has been successfully deployed. <<1659765379515
CustomerManagement.bar>>Node_CC_Bkr>>Test>>SUCCESS>>1659765496986
BIP9332I<<RestAPI 'CustomerManagement' has been changed successfully. <<1659765496986
BIP9326I<<The source 'CustomerManagement.bar' has been successfully deployed. <<1659765496986
CustomerManagement.bar>>Node_CC_Bkr>>Test>>SUCCESS>>1659765802810
BIP9332I<<RestAPI 'CustomerManagement' has been changed successfully. <<1659765802810
BIP9326I<<The source 'CustomerManagement.bar' has been successfully deployed. <<1659765802810
CustomerManagement.bar>>Node_CC_Bkr>>Test>>SUCCESS>>1659779147976
BIP9332I<<RestAPI 'CustomerManagement' has been changed successfully. <<1659779147976
BIP9326I<<The source 'CustomerManagement.bar' has been successfully deployed. <<1659779147976
CustomerManagement.bar>>Node_CC_Bkr>>Test>>SUCCESS>>1659861464515
BIP9332I<<RestAPI 'CustomerManagement' has been changed successfully. <<1659861464515
BIP9326I<<The source 'CustomerManagement.bar' has been successfully deployed. <<1659861464515
CustomerManagement.bar>>Node_CC_Bkr>>Test>>SUCCESS>>1659862066133
BIP9332I<<PolicyProject 'CustomerPolicy' has been created successfully. <<1659862066133
BIP9332I<<RestAPI 'CustomerManagement' has been changed successfully. <<1659862066133
BIP9326I<<The source 'CustomerManagement.bar' has been successfully deployed. <<1659862066133
CustomerManagement.bar>>Node_CC_Bkr>>Test>>SUCCESS>>1659866306276
BIP9339W<<The values defined in the policy(s) 'DatabasePolicy' in policy project 'CustomerPolicy' match the values of the existing policy(s). Any deployed resources using the policy(s) will not be affected by the redeploy of the policy project. <<1659866306276
BIP9332I<<RestAPI 'CustomerManagement' has been changed successfully. <<1659866306276
BIP9326I<<The source 'CustomerManagement.bar' has been successfully deployed. <<1659866306276
CustomerManagement.bar>>Node_CC_Bkr>>Test>>SUCCESS>>1659866328445
BIP9339W<<The values defined in the policy(s) 'DatabasePolicy' in policy project 'CustomerPolicy' match the values of the existing policy(s). Any deployed resources using the policy(s) will not be affected by the redeploy of the policy project. <<1659866328445
BIP9332I<<RestAPI 'CustomerManagement' has been changed successfully. <<1659866328445
BIP9326I<<The source 'CustomerManagement.bar' has been successfully deployed. <<1659866328445
CustomerManagement.bar>>Node_CC_Bkr>>Test>>SUCCESS>>1659866794431
BIP9339W<<The values defined in the policy(s) 'DatabasePolicy' in policy project 'CustomerPolicy' match the values of the existing policy(s). Any deployed resources using the policy(s) will not be affected by the redeploy of the policy project. <<1659866794431
BIP9332I<<RestAPI 'CustomerManagement' has been changed successfully. <<1659866794431
BIP9326I<<The source 'CustomerManagement.bar' has been successfully deployed. <<1659866794431
CustomerManagement.bar>>Node_CC_Bkr>>Test>>SUCCESS>>1659868340318
BIP9339W<<The values defined in the policy(s) 'DatabasePolicy' in policy project 'CustomerPolicy' match the values of the existing policy(s). Any deployed resources using the policy(s) will not be affected by the redeploy of the policy project. <<1659868340318
BIP9332I<<Policy 'odbcpolicy' has been changed successfully. <<1659868340318
BIP9332I<<RestAPI 'CustomerManagement' has been changed successfully. <<1659868340318
BIP9326I<<The source 'CustomerManagement.bar' has been successfully deployed. <<1659868340318
Miliman.bar>>Node_CC_Bkr>>Test>>SUCCESS>>1660040080137
BIP9332I<<Application 'Milliman_RiskAssessment_APP' has been changed successfully. <<1660040080137
BIP9326I<<The source 'Miliman.bar' has been successfully deployed. <<1660040080137
Milliman_RiskAssessment_APPproject.TestMode.bar>>Node_CC_Bkr>>Test>>SUCCESS>>1660041257696
BIP9332I<<Application 'Milliman_RiskAssessment_APP' has been changed successfully. <<1660041257696
BIP9326I<<The source 'Milliman_RiskAssessment_APPproject.TestMode.bar' has been successfully deployed. <<1660041257696
Milliman_RiskAssessment_APPproject.TestMode.bar>>Node_CC_Bkr>>Test>>SUCCESS>>1660041312121
BIP9332I<<Application 'Milliman_RiskAssessment_APP' has been changed successfully. <<1660041312121
BIP9326I<<The source 'Milliman_RiskAssessment_APPproject.TestMode.bar' has been successfully deployed. <<1660041312121
Miliman.bar>>Node_CC_Bkr>>Test>>SUCCESS>>1660041552933
BIP9332I<<Application 'Milliman_RiskAssessment_APP' has been changed successfully. <<1660041552933
BIP9326I<<The source 'Miliman.bar' has been successfully deployed. <<1660041552933
Milliman_RiskAssessment_APP>>Node_CC_Bkr>>Test>>WARNING>>1660042117544
BIP3135S<<An exception occurred while starting the HTTPSConnector. Exception text is No keystore configured <<1660042117544
BIP9320E<<Message Flow 'com.metlife.esb.Milliman_RiskAssessment_MF', 'com.metlife.esb.Milliman_RiskAssessment_MF' encountered a failure and could not start. <<1660042117544
BIP3135S<<An exception occurred while starting the HTTPSConnector. Exception text is No keystore configured <<1660042117544
BIP9333W<<Application 'Milliman_RiskAssessment_APP' has been changed but contains errors which has prevented some resources from starting. <<1660042117544
BIP1096E<<The source 'Milliman_RiskAssessment_APPproject.generated.bar' has been deployed but there were one or more failures which may mean the deployed resources will be unable to execute. <<1660042117544
Milliman_RiskAssessment_APP>>Node_CC_Bkr>>Test>>WARNING>>1660042141579
BIP3135S<<An exception occurred while starting the HTTPSConnector. Exception text is No keystore configured <<1660042141579
BIP9320E<<Message Flow 'com.metlife.esb.Milliman_RiskAssessment_MF', 'com.metlife.esb.Milliman_RiskAssessment_MF' encountered a failure and could not start. <<1660042141579
BIP3135S<<An exception occurred while starting the HTTPSConnector. Exception text is No keystore configured <<1660042141579
BIP9333W<<Application 'Milliman_RiskAssessment_APP' has been changed but contains errors which has prevented some resources from starting. <<1660042141579
BIP1096E<<The source 'Milliman_RiskAssessment_APPproject.generated.bar' has been deployed but there were one or more failures which may mean the deployed resources will be unable to execute. <<1660042141579
Milliman_RiskAssessment_APP>>Node_CC_Bkr>>Test>>SUCCESS>>1660042221198
BIP9332I<<Application 'Milliman_RiskAssessment_APP' has been changed successfully. <<1660042221198
BIP9326I<<The source 'Milliman_RiskAssessment_APPproject.generated.bar' has been successfully deployed. <<1660042221198
Milliman_RiskAssessment_APP>>Node_CC_Bkr>>Test>>SUCCESS>>1660042333770
BIP9332I<<Application 'Milliman_RiskAssessment_APP' has been created successfully. <<1660042333770
BIP9326I<<The source 'Milliman_RiskAssessment_APPproject.generated.bar' has been successfully deployed. <<1660042333770
MillimanService.bar>>Node_CC_Bkr>>Test>>SUCCESS>>1660043745330
BIP9332I<<IntegrationService 'Milliman' has been created successfully. <<1660043745330
BIP9326I<<The source 'MillimanService.bar' has been successfully deployed. <<1660043745330
MillimanService.bar>>Node_CC_Bkr>>Test>>SUCCESS>>1660043867722
BIP9332I<<IntegrationService 'Milliman' has been changed successfully. <<1660043867722
BIP9326I<<The source 'MillimanService.bar' has been successfully deployed. <<1660043867722
MillimanService.bar>>Node_CC_Bkr>>Test>>SUCCESS>>1660046186349
BIP9332I<<IntegrationService 'Milliman' has been changed successfully. <<1660046186349
BIP9326I<<The source 'MillimanService.bar' has been successfully deployed. <<1660046186349
Milliman>>Node_CC_Bkr>>Test>>SUCCESS>>1660046498529
BIP9332I<<IntegrationService 'Milliman' has been changed successfully. <<1660046498529
BIP9326I<<The source 'Millimanproject.TestMode.bar' has been successfully deployed. <<1660046498529
Milliman>>Node_CC_Bkr>>Test>>SUCCESS>>1660046552845
BIP9332I<<IntegrationService 'Milliman' has been changed successfully. <<1660046552845
BIP9326I<<The source 'Millimanproject.TestMode.bar' has been successfully deployed. <<1660046552845
MillimanService.bar>>Node_CC_Bkr>>Test>>SUCCESS>>1660047438165
BIP9332I<<IntegrationService 'Milliman' has been changed successfully. <<1660047438165
BIP9326I<<The source 'MillimanService.bar' has been successfully deployed. <<1660047438165
Milliman>>Node_CC_Bkr>>Test>>SUCCESS>>1660047486776
BIP9332I<<IntegrationService 'Milliman' has been changed successfully. <<1660047486776
BIP9326I<<The source 'Millimanproject.TestMode.bar' has been successfully deployed. <<1660047486776
MillimanService.bar>>Node_CC_Bkr>>Test>>SUCCESS>>1660050109615
BIP9332I<<IntegrationService 'Milliman' has been changed successfully. <<1660050109615
BIP9326I<<The source 'MillimanService.bar' has been successfully deployed. <<1660050109615
Milliman>>Node_CC_Bkr>>Test>>SUCCESS>>1660050143656
BIP9332I<<IntegrationService 'Milliman' has been changed successfully. <<1660050143656
BIP9326I<<The source 'Millimanproject.TestMode.bar' has been successfully deployed. <<1660050143656
MillimanService.bar>>Node_CC_Bkr>>Test>>SUCCESS>>1660050784938
BIP9332I<<IntegrationService 'Milliman' has been changed successfully. <<1660050784938
BIP9326I<<The source 'MillimanService.bar' has been successfully deployed. <<1660050784938
Milliman>>Node_CC_Bkr>>Test>>SUCCESS>>1660050826167
BIP9332I<<IntegrationService 'Milliman' has been changed successfully. <<1660050826167
BIP9326I<<The source 'Millimanproject.TestMode.bar' has been successfully deployed. <<1660050826167
MillimanService.bar>>Node_CC_Bkr>>Test>>SUCCESS>>1660051180060
BIP9332I<<IntegrationService 'Milliman' has been changed successfully. <<1660051180060
BIP9326I<<The source 'MillimanService.bar' has been successfully deployed. <<1660051180060
Milliman>>Node_CC_Bkr>>Test>>SUCCESS>>1660051217191
BIP9332I<<IntegrationService 'Milliman' has been changed successfully. <<1660051217191
BIP9326I<<The source 'Millimanproject.TestMode.bar' has been successfully deployed. <<1660051217191
FileProcessing.bar>>Node_CC_Bkr>>Test>>SUCCESS>>1660052760082
BIP9332I<<Application 'FileProcessing' has been changed successfully. <<1660052760082
BIP9326I<<The source 'FileProcessing.bar' has been successfully deployed. <<1660052760082
FileProcessing.bar>>Node_CC_Bkr>>Test>>SUCCESS>>1660053162693
BIP9332I<<Application 'FileProcessing' has been changed successfully. <<1660053162693
BIP9326I<<The source 'FileProcessing.bar' has been successfully deployed. <<1660053162693
FileProcessing>>Node_CC_Bkr>>Test>>SUCCESS>>1660055450076
BIP9332I<<Application 'FileProcessing' has been changed successfully. <<1660055450076
BIP9326I<<The source 'FileProcessingproject.TestMode.bar' has been successfully deployed. <<1660055450076
